INFO  01:09:53 Application started. Press Ctrl+C to shut down.
INFO  01:09:53 Hosting environment: Development
INFO  01:09:53 Content root path: C:\Users\user\source\repos\SK\MedicalShop
ERROR 05:43:23 An unhandled exception has occurred while executing the request.
System.Text.Json.JsonException: A possible object cycle was detected which is not supported. This can either be due to a cycle or if the object depth is larger than the maximum allowed depth of 32.
   at System.Text.Json.ThrowHelper.ThrowInvalidOperationException_SerializerCycleDetected(Int32 maxDepth)
   at System.Text.Json.JsonSerializer.Write(Utf8JsonWriter writer, Int32 originalWriterDepth, Int32 flushThreshold, JsonSerializerOptions options, WriteStack& state)
   at System.Text.Json.JsonSerializer.WriteAsyncCore(Stream utf8Json, Object value, Type inputType, JsonSerializerOptions options, CancellationToken cancellationToken)
   at Microsoft.AspNetCore.Mvc.Formatters.SystemTextJsonOutputFormatter.WriteResponseBodyAsync(OutputFormatterWriteContext context, Encoding selectedEncoding)
   at Microsoft.AspNetCore.Mvc.Formatters.SystemTextJsonOutputFormatter.WriteResponseBodyAsync(OutputFormatterWriteContext context, Encoding selectedEncoding)
   at Microsoft.AspNetCore.Mvc.Infrastructure.ResourceInvoker.<InvokeNextResultFilterAsync>g__Awaited|29_0[TFilter,TFilterAsync](ResourceInvoker invoker, Task lastTask, State next, Scope scope, Object state, Boolean isCompleted)
   at Microsoft.AspNetCore.Mvc.Infrastructure.ResourceInvoker.Rethrow(ResultExecutedContextSealed context)
   at Microsoft.AspNetCore.Mvc.Infrastructure.ResourceInvoker.ResultNext[TFilter,TFilterAsync](State& next, Scope& scope, Object& state, Boolean& isCompleted)
   at Microsoft.AspNetCore.Mvc.Infrastructure.ResourceInvoker.InvokeResultFilters()
--- End of stack trace from previous location where exception was thrown ---
   at Microsoft.AspNetCore.Mvc.Infrastructure.ResourceInvoker.<InvokeNextResourceFilter>g__Awaited|24_0(ResourceInvoker invoker, Task lastTask, State next, Scope scope, Object state, Boolean isCompleted)
   at Microsoft.AspNetCore.Mvc.Infrastructure.ResourceInvoker.Rethrow(ResourceExecutedContextSealed context)
   at Microsoft.AspNetCore.Mvc.Infrastructure.ResourceInvoker.Next(State& next, Scope& scope, Object& state, Boolean& isCompleted)
   at Microsoft.AspNetCore.Mvc.Infrastructure.ResourceInvoker.InvokeFilterPipelineAsync()
--- End of stack trace from previous location where exception was thrown ---
   at Microsoft.AspNetCore.Mvc.Infrastructure.ResourceInvoker.<InvokeAsync>g__Awaited|17_0(ResourceInvoker invoker, Task task, IDisposable scope)
   at Microsoft.AspNetCore.Routing.EndpointMiddleware.<Invoke>g__AwaitRequestTask|6_0(Endpoint endpoint, Task requestTask, ILogger logger)
   at Microsoft.AspNetCore.Authorization.AuthorizationMiddleware.Invoke(HttpContext context)
   at Microsoft.AspNetCore.Authentication.AuthenticationMiddleware.Invoke(HttpContext context)
   at Microsoft.AspNetCore.Diagnostics.DeveloperExceptionPageMiddleware.Invoke(HttpContext context)
ERROR 05:44:37 Failed executing DbCommand (308ms) [Parameters=[@p0='?' (DbType = Int32), @p1='?' (DbType = Date), @p2='?' (Size = 50) (DbType = AnsiString), @p3='?' (DbType = Int32), @p4='?' (DbType = Int32)], CommandType='Text', CommandTimeout='30']
SET NOCOUNT ON;
INSERT INTO [medicine] ([mid], [expiryDate], [mname], [price], [QuantityRemaining])
VALUES (@p0, @p1, @p2, @p3, @p4);
ERROR 05:44:37 Connection ID "18230571310386249778", Request ID "80000033-0004-fd00-b63f-84710c7967bb": An unhandled exception was thrown by the application.
System.InvalidOperationException: The connection does not support MultipleActiveResultSets.
   at Microsoft.Data.SqlClient.SqlInternalConnectionTds.ValidateConnectionForExecute(SqlCommand command)
   at Microsoft.Data.SqlClient.SqlInternalTransaction.Rollback()
   at Microsoft.Data.SqlClient.SqlInternalTransaction.Dispose(Boolean disposing)
   at Microsoft.Data.SqlClient.SqlInternalTransaction.Dispose()
   at Microsoft.Data.SqlClient.SqlTransaction.Dispose(Boolean disposing)
   at System.Data.Common.DbTransaction.DisposeAsync()
   at Microsoft.EntityFrameworkCore.Utilities.DisposableExtensions.DisposeAsyncIfAvailable(IDisposable disposable)
   at Microsoft.EntityFrameworkCore.Storage.RelationalTransaction.DisposeAsync()
   at Microsoft.EntityFrameworkCore.Storage.RelationalConnection.DisposeAsync()
   at Microsoft.Extensions.DependencyInjection.ServiceLookup.ServiceProviderEngineScope.<>c__DisplayClass15_0.<<DisposeAsync>g__Await|0>d.MoveNext()
--- End of stack trace from previous location where exception was thrown ---
   at Microsoft.Extensions.DependencyInjection.ServiceLookup.ServiceProviderEngineScope.<>c__DisplayClass15_0.<<DisposeAsync>g__Await|0>d.MoveNext()
--- End of stack trace from previous location where exception was thrown ---
   at Microsoft.AspNetCore.Http.Features.RequestServicesFeature.<DisposeAsync>g__Awaited|9_0(RequestServicesFeature servicesFeature, ValueTask vt)
   at Microsoft.AspNetCore.Server.IIS.Core.IISHttpContext.FireOnCompleted()
ERROR 05:46:02 Connection ID "18230571310386249778", Request ID "80000036-0004-fd00-b63f-84710c7967bb": An unhandled exception was thrown by the application.
System.InvalidOperationException: The connection does not support MultipleActiveResultSets.
   at Microsoft.Data.SqlClient.SqlInternalConnectionTds.ValidateConnectionForExecute(SqlCommand command)
   at Microsoft.Data.SqlClient.SqlInternalTransaction.Rollback()
   at Microsoft.Data.SqlClient.SqlInternalTransaction.Dispose(Boolean disposing)
   at Microsoft.Data.SqlClient.SqlInternalTransaction.Dispose()
   at Microsoft.Data.SqlClient.SqlTransaction.Dispose(Boolean disposing)
   at System.Data.Common.DbTransaction.DisposeAsync()
   at Microsoft.EntityFrameworkCore.Utilities.DisposableExtensions.DisposeAsyncIfAvailable(IDisposable disposable)
   at Microsoft.EntityFrameworkCore.Storage.RelationalTransaction.DisposeAsync()
   at Microsoft.EntityFrameworkCore.Storage.RelationalConnection.DisposeAsync()
   at Microsoft.Extensions.DependencyInjection.ServiceLookup.ServiceProviderEngineScope.<>c__DisplayClass15_0.<<DisposeAsync>g__Await|0>d.MoveNext()
--- End of stack trace from previous location where exception was thrown ---
   at Microsoft.Extensions.DependencyInjection.ServiceLookup.ServiceProviderEngineScope.<>c__DisplayClass15_0.<<DisposeAsync>g__Await|0>d.MoveNext()
--- End of stack trace from previous location where exception was thrown ---
   at Microsoft.AspNetCore.Http.Features.RequestServicesFeature.<DisposeAsync>g__Awaited|9_0(RequestServicesFeature servicesFeature, ValueTask vt)
   at Microsoft.AspNetCore.Server.IIS.Core.IISHttpContext.FireOnCompleted()
INFO  06:57:46 Application started. Press Ctrl+C to shut down.
INFO  06:57:46 Hosting environment: Development
INFO  06:57:46 Content root path: C:\Users\user\source\repos\SK\MedicalShop
INFO  11:16:36 Application started. Press Ctrl+C to shut down.
INFO  11:16:36 Hosting environment: Development
INFO  11:16:36 Content root path: C:\Users\user\source\repos\SK\MedicalShop
INFO  01:13:22 Application started. Press Ctrl+C to shut down.
INFO  01:13:22 Hosting environment: Development
INFO  01:13:22 Content root path: C:\Users\user\source\repos\SK\MedicalShop
INFO  02:20:49 Application started. Press Ctrl+C to shut down.
INFO  02:20:49 Hosting environment: Development
INFO  02:20:49 Content root path: C:\Users\user\source\repos\SK\MedicalShop
INFO  02:21:25 Application started. Press Ctrl+C to shut down.
INFO  02:21:25 Hosting environment: Development
INFO  02:21:25 Content root path: C:\Users\user\source\repos\SK\MedicalShop
INFO  03:03:40 Application started. Press Ctrl+C to shut down.
INFO  03:03:40 Hosting environment: Development
INFO  03:03:40 Content root path: C:\Users\user\source\repos\SK\MedicalShop
INFO  03:20:24 Application started. Press Ctrl+C to shut down.
INFO  03:20:24 Hosting environment: Development
INFO  03:20:24 Content root path: C:\Users\user\source\repos\SK\MedicalShop
INFO  05:59:46 Application started. Press Ctrl+C to shut down.
INFO  05:59:46 Hosting environment: Development
INFO  05:59:46 Content root path: C:\Users\user\source\repos\SK\MedicalShop
ERROR 05:59:46 An unhandled exception has occurred while executing the request.
System.InvalidOperationException: Multiple constructors accepting all given argument types have been found in type 'MedicalShop.Controllers.MedicinesController'. There should only be one applicable constructor.
   at Microsoft.Extensions.DependencyInjection.ActivatorUtilities.TryFindMatchingConstructor(Type instanceType, Type[] argumentTypes, ConstructorInfo& matchingConstructor, Nullable`1[]& parameterMap)
   at Microsoft.Extensions.DependencyInjection.ActivatorUtilities.FindApplicableConstructor(Type instanceType, Type[] argumentTypes, ConstructorInfo& matchingConstructor, Nullable`1[]& parameterMap)
   at Microsoft.Extensions.DependencyInjection.ActivatorUtilities.CreateFactory(Type instanceType, Type[] argumentTypes)
   at Microsoft.AspNetCore.Mvc.Controllers.ControllerActivatorProvider.CreateActivator(ControllerActionDescriptor descriptor)
   at Microsoft.AspNetCore.Mvc.Controllers.ControllerFactoryProvider.CreateControllerFactory(ControllerActionDescriptor descriptor)
   at Microsoft.AspNetCore.Mvc.Infrastructure.ControllerActionInvokerCache.GetCachedResult(ControllerContext controllerContext)
   at Microsoft.AspNetCore.Mvc.Infrastructure.ControllerActionInvokerProvider.OnProvidersExecuting(ActionInvokerProviderContext context)
   at Microsoft.AspNetCore.Mvc.Infrastructure.ActionInvokerFactory.CreateInvoker(ActionContext actionContext)
   at Microsoft.AspNetCore.Mvc.Routing.ActionEndpointFactory.<>c__DisplayClass7_0.<CreateRequestDelegate>b__0(HttpContext context)
   at Microsoft.AspNetCore.Routing.EndpointMiddleware.Invoke(HttpContext httpContext)
--- End of stack trace from previous location where exception was thrown ---
   at Microsoft.AspNetCore.Authorization.AuthorizationMiddleware.Invoke(HttpContext context)
   at Microsoft.AspNetCore.Authentication.AuthenticationMiddleware.Invoke(HttpContext context)
   at Microsoft.AspNetCore.Diagnostics.DeveloperExceptionPageMiddleware.Invoke(HttpContext context)
INFO  06:00:33 Application started. Press Ctrl+C to shut down.
INFO  06:00:33 Hosting environment: Development
INFO  06:00:33 Content root path: C:\Users\user\source\repos\SK\MedicalShop
ERROR 06:00:33 An unhandled exception has occurred while executing the request.
System.InvalidOperationException: Multiple constructors accepting all given argument types have been found in type 'MedicalShop.Controllers.MedicinesController'. There should only be one applicable constructor.
   at Microsoft.Extensions.DependencyInjection.ActivatorUtilities.TryFindMatchingConstructor(Type instanceType, Type[] argumentTypes, ConstructorInfo& matchingConstructor, Nullable`1[]& parameterMap)
   at Microsoft.Extensions.DependencyInjection.ActivatorUtilities.FindApplicableConstructor(Type instanceType, Type[] argumentTypes, ConstructorInfo& matchingConstructor, Nullable`1[]& parameterMap)
   at Microsoft.Extensions.DependencyInjection.ActivatorUtilities.CreateFactory(Type instanceType, Type[] argumentTypes)
   at Microsoft.AspNetCore.Mvc.Controllers.ControllerActivatorProvider.CreateActivator(ControllerActionDescriptor descriptor)
   at Microsoft.AspNetCore.Mvc.Controllers.ControllerFactoryProvider.CreateControllerFactory(ControllerActionDescriptor descriptor)
   at Microsoft.AspNetCore.Mvc.Infrastructure.ControllerActionInvokerCache.GetCachedResult(ControllerContext controllerContext)
   at Microsoft.AspNetCore.Mvc.Infrastructure.ControllerActionInvokerProvider.OnProvidersExecuting(ActionInvokerProviderContext context)
   at Microsoft.AspNetCore.Mvc.Infrastructure.ActionInvokerFactory.CreateInvoker(ActionContext actionContext)
   at Microsoft.AspNetCore.Mvc.Routing.ActionEndpointFactory.<>c__DisplayClass7_0.<CreateRequestDelegate>b__0(HttpContext context)
   at Microsoft.AspNetCore.Routing.EndpointMiddleware.Invoke(HttpContext httpContext)
--- End of stack trace from previous location where exception was thrown ---
   at Microsoft.AspNetCore.Authorization.AuthorizationMiddleware.Invoke(HttpContext context)
   at Microsoft.AspNetCore.Authentication.AuthenticationMiddleware.Invoke(HttpContext context)
   at Microsoft.AspNetCore.Diagnostics.DeveloperExceptionPageMiddleware.Invoke(HttpContext context)
INFO  06:01:22 Application started. Press Ctrl+C to shut down.
INFO  06:01:22 Hosting environment: Development
INFO  06:01:22 Content root path: C:\Users\user\source\repos\SK\MedicalShop
INFO  06:30:17 Application started. Press Ctrl+C to shut down.
INFO  06:30:17 Hosting environment: Development
INFO  06:30:17 Content root path: C:\Users\user\source\repos\SK\MedicalShop
INFO  07:02:45 Application started. Press Ctrl+C to shut down.
INFO  07:02:45 Hosting environment: Development
INFO  07:02:45 Content root path: C:\Users\user\source\repos\SK\MedicalShop
INFO  07:05:41 Application started. Press Ctrl+C to shut down.
INFO  07:05:41 Hosting environment: Development
INFO  07:05:41 Content root path: C:\Users\user\source\repos\SK\MedicalShop
ERROR 08:51:38 Connection ID "17509995352827101261", Request ID "8000004f-0000-f300-b63f-84710c7967bb": An unhandled exception was thrown by the application.
System.InvalidOperationException: The connection does not support MultipleActiveResultSets.
   at Microsoft.Data.SqlClient.SqlInternalConnectionTds.ValidateConnectionForExecute(SqlCommand command)
   at Microsoft.Data.SqlClient.SqlInternalTransaction.Rollback()
   at Microsoft.Data.SqlClient.SqlInternalTransaction.Dispose(Boolean disposing)
   at Microsoft.Data.SqlClient.SqlInternalTransaction.Dispose()
   at Microsoft.Data.SqlClient.SqlTransaction.Dispose(Boolean disposing)
   at System.Data.Common.DbTransaction.DisposeAsync()
   at Microsoft.EntityFrameworkCore.Utilities.DisposableExtensions.DisposeAsyncIfAvailable(IDisposable disposable)
   at Microsoft.EntityFrameworkCore.Storage.RelationalTransaction.DisposeAsync()
   at Microsoft.EntityFrameworkCore.Storage.RelationalConnection.DisposeAsync()
   at Microsoft.Extensions.DependencyInjection.ServiceLookup.ServiceProviderEngineScope.<>c__DisplayClass15_0.<<DisposeAsync>g__Await|0>d.MoveNext()
--- End of stack trace from previous location where exception was thrown ---
   at Microsoft.Extensions.DependencyInjection.ServiceLookup.ServiceProviderEngineScope.<>c__DisplayClass15_0.<<DisposeAsync>g__Await|0>d.MoveNext()
--- End of stack trace from previous location where exception was thrown ---
   at Microsoft.AspNetCore.Http.Features.RequestServicesFeature.<DisposeAsync>g__Awaited|9_0(RequestServicesFeature servicesFeature, ValueTask vt)
   at Microsoft.AspNetCore.Server.IIS.Core.IISHttpContext.FireOnCompleted()
ERROR 08:53:10 Connection ID "18374686498462105710", Request ID "80000070-0004-ff00-b63f-84710c7967bb": An unhandled exception was thrown by the application.
System.InvalidOperationException: The connection does not support MultipleActiveResultSets.
   at Microsoft.Data.SqlClient.SqlInternalConnectionTds.ValidateConnectionForExecute(SqlCommand command)
   at Microsoft.Data.SqlClient.SqlInternalTransaction.Rollback()
   at Microsoft.Data.SqlClient.SqlInternalTransaction.Dispose(Boolean disposing)
   at Microsoft.Data.SqlClient.SqlInternalTransaction.Dispose()
   at Microsoft.Data.SqlClient.SqlTransaction.Dispose(Boolean disposing)
   at System.Data.Common.DbTransaction.DisposeAsync()
   at Microsoft.EntityFrameworkCore.Utilities.DisposableExtensions.DisposeAsyncIfAvailable(IDisposable disposable)
   at Microsoft.EntityFrameworkCore.Storage.RelationalTransaction.DisposeAsync()
   at Microsoft.EntityFrameworkCore.Storage.RelationalConnection.DisposeAsync()
   at Microsoft.Extensions.DependencyInjection.ServiceLookup.ServiceProviderEngineScope.<>c__DisplayClass15_0.<<DisposeAsync>g__Await|0>d.MoveNext()
--- End of stack trace from previous location where exception was thrown ---
   at Microsoft.Extensions.DependencyInjection.ServiceLookup.ServiceProviderEngineScope.<>c__DisplayClass15_0.<<DisposeAsync>g__Await|0>d.MoveNext()
--- End of stack trace from previous location where exception was thrown ---
   at Microsoft.AspNetCore.Http.Features.RequestServicesFeature.<DisposeAsync>g__Awaited|9_0(RequestServicesFeature servicesFeature, ValueTask vt)
   at Microsoft.AspNetCore.Server.IIS.Core.IISHttpContext.FireOnCompleted()
INFO  12:22:49 Application started. Press Ctrl+C to shut down.
INFO  12:22:49 Hosting environment: Development
INFO  12:22:49 Content root path: C:\Users\user\source\repos\SK\MedicalShop
INFO  12:32:01 Application started. Press Ctrl+C to shut down.
INFO  12:32:01 Hosting environment: Development
INFO  12:32:01 Content root path: C:\Users\user\source\repos\SK\MedicalShop
ERROR 12:32:49 Connection ID "18158513724938256587", Request ID "800000cd-0006-fc00-b63f-84710c7967bb": An unhandled exception was thrown by the application.
System.InvalidOperationException: The connection does not support MultipleActiveResultSets.
   at Microsoft.Data.SqlClient.SqlInternalConnectionTds.ValidateConnectionForExecute(SqlCommand command)
   at Microsoft.Data.SqlClient.SqlInternalTransaction.Rollback()
   at Microsoft.Data.SqlClient.SqlInternalTransaction.Dispose(Boolean disposing)
   at Microsoft.Data.SqlClient.SqlInternalTransaction.Dispose()
   at Microsoft.Data.SqlClient.SqlTransaction.Dispose(Boolean disposing)
   at System.Data.Common.DbTransaction.DisposeAsync()
   at Microsoft.EntityFrameworkCore.Utilities.DisposableExtensions.DisposeAsyncIfAvailable(IDisposable disposable)
   at Microsoft.EntityFrameworkCore.Storage.RelationalTransaction.DisposeAsync()
   at Microsoft.EntityFrameworkCore.Storage.RelationalConnection.DisposeAsync()
   at Microsoft.Extensions.DependencyInjection.ServiceLookup.ServiceProviderEngineScope.<>c__DisplayClass15_0.<<DisposeAsync>g__Await|0>d.MoveNext()
--- End of stack trace from previous location where exception was thrown ---
   at Microsoft.Extensions.DependencyInjection.ServiceLookup.ServiceProviderEngineScope.<>c__DisplayClass15_0.<<DisposeAsync>g__Await|0>d.MoveNext()
--- End of stack trace from previous location where exception was thrown ---
   at Microsoft.AspNetCore.Http.Features.RequestServicesFeature.<DisposeAsync>g__Awaited|9_0(RequestServicesFeature servicesFeature, ValueTask vt)
   at Microsoft.AspNetCore.Server.IIS.Core.IISHttpContext.FireOnCompleted()
INFO  12:39:12 Application started. Press Ctrl+C to shut down.
INFO  12:39:12 Hosting environment: Development
INFO  12:39:12 Content root path: C:\Users\user\source\repos\SK\MedicalShop
INFO  12:41:45 Application started. Press Ctrl+C to shut down.
INFO  12:41:45 Hosting environment: Development
INFO  12:41:45 Content root path: C:\Users\user\source\repos\SK\MedicalShop
INFO  12:47:28 Application started. Press Ctrl+C to shut down.
INFO  12:47:28 Hosting environment: Development
INFO  12:47:28 Content root path: C:\Users\user\source\repos\SK\MedicalShop
INFO  01:44:26 Application started. Press Ctrl+C to shut down.
INFO  01:44:26 Hosting environment: Development
INFO  01:44:26 Content root path: C:\Users\user\source\repos\SK\MedicalShop
INFO  01:45:44 Application started. Press Ctrl+C to shut down.
INFO  01:45:44 Hosting environment: Development
INFO  01:45:44 Content root path: C:\Users\user\source\repos\SK\MedicalShop
INFO  01:56:09 Application started. Press Ctrl+C to shut down.
INFO  01:56:09 Hosting environment: Development
INFO  01:56:09 Content root path: C:\Users\user\source\repos\SK\MedicalShop
INFO  02:02:22 Application started. Press Ctrl+C to shut down.
INFO  02:02:22 Hosting environment: Development
INFO  02:02:22 Content root path: C:\Users\user\source\repos\SK\MedicalShop
INFO  02:04:29 Application started. Press Ctrl+C to shut down.
INFO  02:04:29 Hosting environment: Development
INFO  02:04:29 Content root path: C:\Users\user\source\repos\SK\MedicalShop
INFO  02:19:45 Application started. Press Ctrl+C to shut down.
INFO  02:19:45 Hosting environment: Development
INFO  02:19:45 Content root path: C:\Users\user\source\repos\SK\MedicalShop
INFO  02:20:08 Application started. Press Ctrl+C to shut down.
INFO  02:20:08 Hosting environment: Development
INFO  02:20:08 Content root path: C:\Users\user\source\repos\SK\MedicalShop
ERROR 02:21:36 Connection ID "18302628895834243336", Request ID "8000010a-0002-fe00-b63f-84710c7967bb": An unhandled exception was thrown by the application.
System.InvalidOperationException: The connection does not support MultipleActiveResultSets.
   at Microsoft.Data.SqlClient.SqlInternalConnectionTds.ValidateConnectionForExecute(SqlCommand command)
   at Microsoft.Data.SqlClient.SqlInternalTransaction.Rollback()
   at Microsoft.Data.SqlClient.SqlInternalTransaction.Dispose(Boolean disposing)
   at Microsoft.Data.SqlClient.SqlInternalTransaction.Dispose()
   at Microsoft.Data.SqlClient.SqlTransaction.Dispose(Boolean disposing)
   at System.Data.Common.DbTransaction.DisposeAsync()
   at Microsoft.EntityFrameworkCore.Utilities.DisposableExtensions.DisposeAsyncIfAvailable(IDisposable disposable)
   at Microsoft.EntityFrameworkCore.Storage.RelationalTransaction.DisposeAsync()
   at Microsoft.EntityFrameworkCore.Storage.RelationalConnection.DisposeAsync()
   at Microsoft.Extensions.DependencyInjection.ServiceLookup.ServiceProviderEngineScope.<>c__DisplayClass15_0.<<DisposeAsync>g__Await|0>d.MoveNext()
--- End of stack trace from previous location where exception was thrown ---
   at Microsoft.Extensions.DependencyInjection.ServiceLookup.ServiceProviderEngineScope.<>c__DisplayClass15_0.<<DisposeAsync>g__Await|0>d.MoveNext()
--- End of stack trace from previous location where exception was thrown ---
   at Microsoft.AspNetCore.Http.Features.RequestServicesFeature.<DisposeAsync>g__Awaited|9_0(RequestServicesFeature servicesFeature, ValueTask vt)
   at Microsoft.AspNetCore.Server.IIS.Core.IISHttpContext.FireOnCompleted()
ERROR 02:25:46 Connection ID "18302628913014112315", Request ID "8000003d-0006-fe00-b63f-84710c7967bb": An unhandled exception was thrown by the application.
System.InvalidOperationException: The connection does not support MultipleActiveResultSets.
   at Microsoft.Data.SqlClient.SqlInternalConnectionTds.ValidateConnectionForExecute(SqlCommand command)
   at Microsoft.Data.SqlClient.SqlInternalTransaction.Rollback()
   at Microsoft.Data.SqlClient.SqlInternalTransaction.Dispose(Boolean disposing)
   at Microsoft.Data.SqlClient.SqlInternalTransaction.Dispose()
   at Microsoft.Data.SqlClient.SqlTransaction.Dispose(Boolean disposing)
   at System.Data.Common.DbTransaction.DisposeAsync()
   at Microsoft.EntityFrameworkCore.Utilities.DisposableExtensions.DisposeAsyncIfAvailable(IDisposable disposable)
   at Microsoft.EntityFrameworkCore.Storage.RelationalTransaction.DisposeAsync()
   at Microsoft.EntityFrameworkCore.Storage.RelationalConnection.DisposeAsync()
   at Microsoft.Extensions.DependencyInjection.ServiceLookup.ServiceProviderEngineScope.<>c__DisplayClass15_0.<<DisposeAsync>g__Await|0>d.MoveNext()
--- End of stack trace from previous location where exception was thrown ---
   at Microsoft.Extensions.DependencyInjection.ServiceLookup.ServiceProviderEngineScope.<>c__DisplayClass15_0.<<DisposeAsync>g__Await|0>d.MoveNext()
--- End of stack trace from previous location where exception was thrown ---
   at Microsoft.AspNetCore.Http.Features.RequestServicesFeature.<DisposeAsync>g__Awaited|9_0(RequestServicesFeature servicesFeature, ValueTask vt)
   at Microsoft.AspNetCore.Server.IIS.Core.IISHttpContext.FireOnCompleted()
INFO  02:41:17 Application started. Press Ctrl+C to shut down.
INFO  02:41:18 Hosting environment: Development
INFO  02:41:18 Content root path: C:\Users\user\source\repos\SK\MedicalShop
INFO  02:43:38 Application started. Press Ctrl+C to shut down.
INFO  02:43:38 Hosting environment: Development
INFO  02:43:38 Content root path: C:\Users\user\source\repos\SK\MedicalShop
INFO  05:11:29 Application started. Press Ctrl+C to shut down.
INFO  05:11:29 Hosting environment: Development
INFO  05:11:29 Content root path: C:\Users\user\source\repos\SK\MedicalShop
ERROR 05:13:31 Connection ID "18086456109425491994", Request ID "8000001c-0001-fb00-b63f-84710c7967bb": An unhandled exception was thrown by the application.
System.InvalidOperationException: The connection does not support MultipleActiveResultSets.
   at Microsoft.Data.SqlClient.SqlInternalConnectionTds.ValidateConnectionForExecute(SqlCommand command)
   at Microsoft.Data.SqlClient.SqlInternalTransaction.Rollback()
   at Microsoft.Data.SqlClient.SqlInternalTransaction.Dispose(Boolean disposing)
   at Microsoft.Data.SqlClient.SqlInternalTransaction.Dispose()
   at Microsoft.Data.SqlClient.SqlTransaction.Dispose(Boolean disposing)
   at System.Data.Common.DbTransaction.DisposeAsync()
   at Microsoft.EntityFrameworkCore.Utilities.DisposableExtensions.DisposeAsyncIfAvailable(IDisposable disposable)
   at Microsoft.EntityFrameworkCore.Storage.RelationalTransaction.DisposeAsync()
   at Microsoft.EntityFrameworkCore.Storage.RelationalConnection.DisposeAsync()
   at Microsoft.Extensions.DependencyInjection.ServiceLookup.ServiceProviderEngineScope.<>c__DisplayClass15_0.<<DisposeAsync>g__Await|0>d.MoveNext()
--- End of stack trace from previous location where exception was thrown ---
   at Microsoft.Extensions.DependencyInjection.ServiceLookup.ServiceProviderEngineScope.<>c__DisplayClass15_0.<<DisposeAsync>g__Await|0>d.MoveNext()
--- End of stack trace from previous location where exception was thrown ---
   at Microsoft.AspNetCore.Http.Features.RequestServicesFeature.<DisposeAsync>g__Awaited|9_0(RequestServicesFeature servicesFeature, ValueTask vt)
   at Microsoft.AspNetCore.Server.IIS.Core.IISHttpContext.FireOnCompleted()
ERROR 08:33:23 Connection ID "18086456113720459271", Request ID "80000009-0002-fb00-b63f-84710c7967bb": An unhandled exception was thrown by the application.
System.InvalidOperationException: There is already an open DataReader associated with this Connection which must be closed first.
   at Microsoft.Data.SqlClient.SqlInternalConnectionTds.ValidateConnectionForExecute(SqlCommand command)
   at Microsoft.Data.SqlClient.SqlInternalTransaction.Rollback()
   at Microsoft.Data.SqlClient.SqlInternalTransaction.Dispose(Boolean disposing)
   at Microsoft.Data.SqlClient.SqlInternalTransaction.Dispose()
   at Microsoft.Data.SqlClient.SqlTransaction.Dispose(Boolean disposing)
   at System.Data.Common.DbTransaction.DisposeAsync()
   at Microsoft.EntityFrameworkCore.Utilities.DisposableExtensions.DisposeAsyncIfAvailable(IDisposable disposable)
   at Microsoft.EntityFrameworkCore.Storage.RelationalTransaction.DisposeAsync()
   at Microsoft.EntityFrameworkCore.Storage.RelationalConnection.DisposeAsync()
   at Microsoft.Extensions.DependencyInjection.ServiceLookup.ServiceProviderEngineScope.<>c__DisplayClass15_0.<<DisposeAsync>g__Await|0>d.MoveNext()
--- End of stack trace from previous location where exception was thrown ---
   at Microsoft.Extensions.DependencyInjection.ServiceLookup.ServiceProviderEngineScope.<>c__DisplayClass15_0.<<DisposeAsync>g__Await|0>d.MoveNext()
--- End of stack trace from previous location where exception was thrown ---
   at Microsoft.AspNetCore.Http.Features.RequestServicesFeature.<DisposeAsync>g__Awaited|9_0(RequestServicesFeature servicesFeature, ValueTask vt)
   at Microsoft.AspNetCore.Server.IIS.Core.IISHttpContext.FireOnCompleted()
ERROR 08:39:47 Connection ID "18302628904424177765", Request ID "80000067-0004-fe00-b63f-84710c7967bb": An unhandled exception was thrown by the application.
System.InvalidOperationException: The connection does not support MultipleActiveResultSets.
   at Microsoft.Data.SqlClient.SqlInternalConnectionTds.ValidateConnectionForExecute(SqlCommand command)
   at Microsoft.Data.SqlClient.SqlInternalTransaction.Rollback()
   at Microsoft.Data.SqlClient.SqlInternalTransaction.Dispose(Boolean disposing)
   at Microsoft.Data.SqlClient.SqlInternalTransaction.Dispose()
   at Microsoft.Data.SqlClient.SqlTransaction.Dispose(Boolean disposing)
   at System.Data.Common.DbTransaction.DisposeAsync()
   at Microsoft.EntityFrameworkCore.Utilities.DisposableExtensions.DisposeAsyncIfAvailable(IDisposable disposable)
   at Microsoft.EntityFrameworkCore.Storage.RelationalTransaction.DisposeAsync()
   at Microsoft.EntityFrameworkCore.Storage.RelationalConnection.DisposeAsync()
   at Microsoft.Extensions.DependencyInjection.ServiceLookup.ServiceProviderEngineScope.<>c__DisplayClass15_0.<<DisposeAsync>g__Await|0>d.MoveNext()
--- End of stack trace from previous location where exception was thrown ---
   at Microsoft.Extensions.DependencyInjection.ServiceLookup.ServiceProviderEngineScope.<>c__DisplayClass15_0.<<DisposeAsync>g__Await|0>d.MoveNext()
--- End of stack trace from previous location where exception was thrown ---
   at Microsoft.AspNetCore.Http.Features.RequestServicesFeature.<DisposeAsync>g__Awaited|9_0(RequestServicesFeature servicesFeature, ValueTask vt)
   at Microsoft.AspNetCore.Server.IIS.Core.IISHttpContext.FireOnCompleted()
ERROR 08:51:00 Connection ID "18158513712053354609", Request ID "80000073-0003-fc00-b63f-84710c7967bb": An unhandled exception was thrown by the application.
System.InvalidOperationException: The connection does not support MultipleActiveResultSets.
   at Microsoft.Data.SqlClient.SqlInternalConnectionTds.ValidateConnectionForExecute(SqlCommand command)
   at Microsoft.Data.SqlClient.SqlInternalTransaction.Rollback()
   at Microsoft.Data.SqlClient.SqlInternalTransaction.Dispose(Boolean disposing)
   at Microsoft.Data.SqlClient.SqlInternalTransaction.Dispose()
   at Microsoft.Data.SqlClient.SqlTransaction.Dispose(Boolean disposing)
   at System.Data.Common.DbTransaction.DisposeAsync()
   at Microsoft.EntityFrameworkCore.Utilities.DisposableExtensions.DisposeAsyncIfAvailable(IDisposable disposable)
   at Microsoft.EntityFrameworkCore.Storage.RelationalTransaction.DisposeAsync()
   at Microsoft.EntityFrameworkCore.Storage.RelationalConnection.DisposeAsync()
   at Microsoft.Extensions.DependencyInjection.ServiceLookup.ServiceProviderEngineScope.<>c__DisplayClass15_0.<<DisposeAsync>g__Await|0>d.MoveNext()
--- End of stack trace from previous location where exception was thrown ---
   at Microsoft.Extensions.DependencyInjection.ServiceLookup.ServiceProviderEngineScope.<>c__DisplayClass15_0.<<DisposeAsync>g__Await|0>d.MoveNext()
--- End of stack trace from previous location where exception was thrown ---
   at Microsoft.AspNetCore.Http.Features.RequestServicesFeature.<DisposeAsync>g__Awaited|9_0(RequestServicesFeature servicesFeature, ValueTask vt)
   at Microsoft.AspNetCore.Server.IIS.Core.IISHttpContext.FireOnCompleted()
ERROR 08:57:56 Connection ID "18086456105130524723", Request ID "80000035-0000-fb00-b63f-84710c7967bb": An unhandled exception was thrown by the application.
System.InvalidOperationException: The connection does not support MultipleActiveResultSets.
   at Microsoft.Data.SqlClient.SqlInternalConnectionTds.ValidateConnectionForExecute(SqlCommand command)
   at Microsoft.Data.SqlClient.SqlInternalTransaction.Rollback()
   at Microsoft.Data.SqlClient.SqlInternalTransaction.Dispose(Boolean disposing)
   at Microsoft.Data.SqlClient.SqlInternalTransaction.Dispose()
   at Microsoft.Data.SqlClient.SqlTransaction.Dispose(Boolean disposing)
   at System.Data.Common.DbTransaction.DisposeAsync()
   at Microsoft.EntityFrameworkCore.Utilities.DisposableExtensions.DisposeAsyncIfAvailable(IDisposable disposable)
   at Microsoft.EntityFrameworkCore.Storage.RelationalTransaction.DisposeAsync()
   at Microsoft.EntityFrameworkCore.Storage.RelationalConnection.DisposeAsync()
   at Microsoft.Extensions.DependencyInjection.ServiceLookup.ServiceProviderEngineScope.<>c__DisplayClass15_0.<<DisposeAsync>g__Await|0>d.MoveNext()
--- End of stack trace from previous location where exception was thrown ---
   at Microsoft.Extensions.DependencyInjection.ServiceLookup.ServiceProviderEngineScope.<>c__DisplayClass15_0.<<DisposeAsync>g__Await|0>d.MoveNext()
--- End of stack trace from previous location where exception was thrown ---
   at Microsoft.AspNetCore.Http.Features.RequestServicesFeature.<DisposeAsync>g__Awaited|9_0(RequestServicesFeature servicesFeature, ValueTask vt)
   at Microsoft.AspNetCore.Server.IIS.Core.IISHttpContext.FireOnCompleted()
ERROR 10:06:51 Connection ID "18374686498462105716", Request ID "80000076-0004-ff00-b63f-84710c7967bb": An unhandled exception was thrown by the application.
System.InvalidOperationException: The connection does not support MultipleActiveResultSets.
   at Microsoft.Data.SqlClient.SqlInternalConnectionTds.ValidateConnectionForExecute(SqlCommand command)
   at Microsoft.Data.SqlClient.SqlInternalTransaction.Rollback()
   at Microsoft.Data.SqlClient.SqlInternalTransaction.Dispose(Boolean disposing)
   at Microsoft.Data.SqlClient.SqlInternalTransaction.Dispose()
   at Microsoft.Data.SqlClient.SqlTransaction.Dispose(Boolean disposing)
   at System.Data.Common.DbTransaction.DisposeAsync()
   at Microsoft.EntityFrameworkCore.Utilities.DisposableExtensions.DisposeAsyncIfAvailable(IDisposable disposable)
   at Microsoft.EntityFrameworkCore.Storage.RelationalTransaction.DisposeAsync()
   at Microsoft.EntityFrameworkCore.Storage.RelationalConnection.DisposeAsync()
   at Microsoft.Extensions.DependencyInjection.ServiceLookup.ServiceProviderEngineScope.<>c__DisplayClass15_0.<<DisposeAsync>g__Await|0>d.MoveNext()
--- End of stack trace from previous location where exception was thrown ---
   at Microsoft.Extensions.DependencyInjection.ServiceLookup.ServiceProviderEngineScope.<>c__DisplayClass15_0.<<DisposeAsync>g__Await|0>d.MoveNext()
--- End of stack trace from previous location where exception was thrown ---
   at Microsoft.AspNetCore.Http.Features.RequestServicesFeature.<DisposeAsync>g__Awaited|9_0(RequestServicesFeature servicesFeature, ValueTask vt)
   at Microsoft.AspNetCore.Server.IIS.Core.IISHttpContext.FireOnCompleted()
ERROR 10:08:14 Connection ID "18230571318976184490", Request ID "800000ac-0006-fd00-b63f-84710c7967bb": An unhandled exception was thrown by the application.
System.InvalidOperationException: The connection does not support MultipleActiveResultSets.
   at Microsoft.Data.SqlClient.SqlInternalConnectionTds.ValidateConnectionForExecute(SqlCommand command)
   at Microsoft.Data.SqlClient.SqlInternalTransaction.Rollback()
   at Microsoft.Data.SqlClient.SqlInternalTransaction.Dispose(Boolean disposing)
   at Microsoft.Data.SqlClient.SqlInternalTransaction.Dispose()
   at Microsoft.Data.SqlClient.SqlTransaction.Dispose(Boolean disposing)
   at System.Data.Common.DbTransaction.DisposeAsync()
   at Microsoft.EntityFrameworkCore.Utilities.DisposableExtensions.DisposeAsyncIfAvailable(IDisposable disposable)
   at Microsoft.EntityFrameworkCore.Storage.RelationalTransaction.DisposeAsync()
   at Microsoft.EntityFrameworkCore.Storage.RelationalConnection.DisposeAsync()
   at Microsoft.Extensions.DependencyInjection.ServiceLookup.ServiceProviderEngineScope.<>c__DisplayClass15_0.<<DisposeAsync>g__Await|0>d.MoveNext()
--- End of stack trace from previous location where exception was thrown ---
   at Microsoft.Extensions.DependencyInjection.ServiceLookup.ServiceProviderEngineScope.<>c__DisplayClass15_0.<<DisposeAsync>g__Await|0>d.MoveNext()
--- End of stack trace from previous location where exception was thrown ---
   at Microsoft.AspNetCore.Http.Features.RequestServicesFeature.<DisposeAsync>g__Awaited|9_0(RequestServicesFeature servicesFeature, ValueTask vt)
   at Microsoft.AspNetCore.Server.IIS.Core.IISHttpContext.FireOnCompleted()
ERROR 10:13:27 Connection ID "18086456109425492037", Request ID "80000047-0001-fb00-b63f-84710c7967bb": An unhandled exception was thrown by the application.
System.InvalidOperationException: The connection does not support MultipleActiveResultSets.
   at Microsoft.Data.SqlClient.SqlInternalConnectionTds.ValidateConnectionForExecute(SqlCommand command)
   at Microsoft.Data.SqlClient.SqlInternalTransaction.Rollback()
   at Microsoft.Data.SqlClient.SqlInternalTransaction.Dispose(Boolean disposing)
   at Microsoft.Data.SqlClient.SqlInternalTransaction.Dispose()
   at Microsoft.Data.SqlClient.SqlTransaction.Dispose(Boolean disposing)
   at System.Data.Common.DbTransaction.DisposeAsync()
   at Microsoft.EntityFrameworkCore.Utilities.DisposableExtensions.DisposeAsyncIfAvailable(IDisposable disposable)
   at Microsoft.EntityFrameworkCore.Storage.RelationalTransaction.DisposeAsync()
   at Microsoft.EntityFrameworkCore.Storage.RelationalConnection.DisposeAsync()
   at Microsoft.Extensions.DependencyInjection.ServiceLookup.ServiceProviderEngineScope.<>c__DisplayClass15_0.<<DisposeAsync>g__Await|0>d.MoveNext()
--- End of stack trace from previous location where exception was thrown ---
   at Microsoft.Extensions.DependencyInjection.ServiceLookup.ServiceProviderEngineScope.<>c__DisplayClass15_0.<<DisposeAsync>g__Await|0>d.MoveNext()
--- End of stack trace from previous location where exception was thrown ---
   at Microsoft.AspNetCore.Http.Features.RequestServicesFeature.<DisposeAsync>g__Awaited|9_0(RequestServicesFeature servicesFeature, ValueTask vt)
   at Microsoft.AspNetCore.Server.IIS.Core.IISHttpContext.FireOnCompleted()
ERROR 06:39:21 Connection ID "18086456109425492048", Request ID "80000052-0001-fb00-b63f-84710c7967bb": An unhandled exception was thrown by the application.
System.InvalidOperationException: The connection does not support MultipleActiveResultSets.
   at Microsoft.Data.SqlClient.SqlInternalConnectionTds.ValidateConnectionForExecute(SqlCommand command)
   at Microsoft.Data.SqlClient.SqlInternalTransaction.Rollback()
   at Microsoft.Data.SqlClient.SqlInternalTransaction.Dispose(Boolean disposing)
   at Microsoft.Data.SqlClient.SqlInternalTransaction.Dispose()
   at Microsoft.Data.SqlClient.SqlTransaction.Dispose(Boolean disposing)
   at System.Data.Common.DbTransaction.DisposeAsync()
   at Microsoft.EntityFrameworkCore.Utilities.DisposableExtensions.DisposeAsyncIfAvailable(IDisposable disposable)
   at Microsoft.EntityFrameworkCore.Storage.RelationalTransaction.DisposeAsync()
   at Microsoft.EntityFrameworkCore.Storage.RelationalConnection.DisposeAsync()
   at Microsoft.Extensions.DependencyInjection.ServiceLookup.ServiceProviderEngineScope.<>c__DisplayClass15_0.<<DisposeAsync>g__Await|0>d.MoveNext()
--- End of stack trace from previous location where exception was thrown ---
   at Microsoft.Extensions.DependencyInjection.ServiceLookup.ServiceProviderEngineScope.<>c__DisplayClass15_0.<<DisposeAsync>g__Await|0>d.MoveNext()
--- End of stack trace from previous location where exception was thrown ---
   at Microsoft.AspNetCore.Http.Features.RequestServicesFeature.<DisposeAsync>g__Awaited|9_0(RequestServicesFeature servicesFeature, ValueTask vt)
   at Microsoft.AspNetCore.Server.IIS.Core.IISHttpContext.FireOnCompleted()
ERROR 06:42:29 Connection ID "17942340917054668905", Request ID "8000006b-0000-f900-b63f-84710c7967bb": An unhandled exception was thrown by the application.
System.InvalidOperationException: The connection does not support MultipleActiveResultSets.
   at Microsoft.Data.SqlClient.SqlInternalConnectionTds.ValidateConnectionForExecute(SqlCommand command)
   at Microsoft.Data.SqlClient.SqlInternalTransaction.Rollback()
   at Microsoft.Data.SqlClient.SqlInternalTransaction.Dispose(Boolean disposing)
   at Microsoft.Data.SqlClient.SqlInternalTransaction.Dispose()
   at Microsoft.Data.SqlClient.SqlTransaction.Dispose(Boolean disposing)
   at System.Data.Common.DbTransaction.DisposeAsync()
   at Microsoft.EntityFrameworkCore.Utilities.DisposableExtensions.DisposeAsyncIfAvailable(IDisposable disposable)
   at Microsoft.EntityFrameworkCore.Storage.RelationalTransaction.DisposeAsync()
   at Microsoft.EntityFrameworkCore.Storage.RelationalConnection.DisposeAsync()
   at Microsoft.Extensions.DependencyInjection.ServiceLookup.ServiceProviderEngineScope.<>c__DisplayClass15_0.<<DisposeAsync>g__Await|0>d.MoveNext()
--- End of stack trace from previous location where exception was thrown ---
   at Microsoft.Extensions.DependencyInjection.ServiceLookup.ServiceProviderEngineScope.<>c__DisplayClass15_0.<<DisposeAsync>g__Await|0>d.MoveNext()
--- End of stack trace from previous location where exception was thrown ---
   at Microsoft.AspNetCore.Http.Features.RequestServicesFeature.<DisposeAsync>g__Awaited|9_0(RequestServicesFeature servicesFeature, ValueTask vt)
   at Microsoft.AspNetCore.Server.IIS.Core.IISHttpContext.FireOnCompleted()
ERROR 07:00:02 Connection ID "18302628913014112368", Request ID "80000072-0006-fe00-b63f-84710c7967bb": An unhandled exception was thrown by the application.
System.InvalidOperationException: The connection does not support MultipleActiveResultSets.
   at Microsoft.Data.SqlClient.SqlInternalConnectionTds.ValidateConnectionForExecute(SqlCommand command)
   at Microsoft.Data.SqlClient.SqlInternalTransaction.Rollback()
   at Microsoft.Data.SqlClient.SqlInternalTransaction.Dispose(Boolean disposing)
   at Microsoft.Data.SqlClient.SqlInternalTransaction.Dispose()
   at Microsoft.Data.SqlClient.SqlTransaction.Dispose(Boolean disposing)
   at System.Data.Common.DbTransaction.DisposeAsync()
   at Microsoft.EntityFrameworkCore.Utilities.DisposableExtensions.DisposeAsyncIfAvailable(IDisposable disposable)
   at Microsoft.EntityFrameworkCore.Storage.RelationalTransaction.DisposeAsync()
   at Microsoft.EntityFrameworkCore.Storage.RelationalConnection.DisposeAsync()
   at Microsoft.Extensions.DependencyInjection.ServiceLookup.ServiceProviderEngineScope.<>c__DisplayClass15_0.<<DisposeAsync>g__Await|0>d.MoveNext()
--- End of stack trace from previous location where exception was thrown ---
   at Microsoft.Extensions.DependencyInjection.ServiceLookup.ServiceProviderEngineScope.<>c__DisplayClass15_0.<<DisposeAsync>g__Await|0>d.MoveNext()
--- End of stack trace from previous location where exception was thrown ---
   at Microsoft.AspNetCore.Http.Features.RequestServicesFeature.<DisposeAsync>g__Awaited|9_0(RequestServicesFeature servicesFeature, ValueTask vt)
   at Microsoft.AspNetCore.Server.IIS.Core.IISHttpContext.FireOnCompleted()
ERROR 07:03:18 Connection ID "18014398519682531339", Request ID "8000000d-0002-fa00-b63f-84710c7967bb": An unhandled exception was thrown by the application.
System.InvalidOperationException: The connection does not support MultipleActiveResultSets.
   at Microsoft.Data.SqlClient.SqlInternalConnectionTds.ValidateConnectionForExecute(SqlCommand command)
   at Microsoft.Data.SqlClient.SqlInternalTransaction.Rollback()
   at Microsoft.Data.SqlClient.SqlInternalTransaction.Dispose(Boolean disposing)
   at Microsoft.Data.SqlClient.SqlInternalTransaction.Dispose()
   at Microsoft.Data.SqlClient.SqlTransaction.Dispose(Boolean disposing)
   at System.Data.Common.DbTransaction.DisposeAsync()
   at Microsoft.EntityFrameworkCore.Utilities.DisposableExtensions.DisposeAsyncIfAvailable(IDisposable disposable)
   at Microsoft.EntityFrameworkCore.Storage.RelationalTransaction.DisposeAsync()
   at Microsoft.EntityFrameworkCore.Storage.RelationalConnection.DisposeAsync()
   at Microsoft.Extensions.DependencyInjection.ServiceLookup.ServiceProviderEngineScope.<>c__DisplayClass15_0.<<DisposeAsync>g__Await|0>d.MoveNext()
--- End of stack trace from previous location where exception was thrown ---
   at Microsoft.Extensions.DependencyInjection.ServiceLookup.ServiceProviderEngineScope.<>c__DisplayClass15_0.<<DisposeAsync>g__Await|0>d.MoveNext()
--- End of stack trace from previous location where exception was thrown ---
   at Microsoft.AspNetCore.Http.Features.RequestServicesFeature.<DisposeAsync>g__Awaited|9_0(RequestServicesFeature servicesFeature, ValueTask vt)
   at Microsoft.AspNetCore.Server.IIS.Core.IISHttpContext.FireOnCompleted()
ERROR 02:41:54 Connection ID "18086456122310394191", Request ID "80000151-0004-fb00-b63f-84710c7967bb": An unhandled exception was thrown by the application.
System.InvalidOperationException: The connection does not support MultipleActiveResultSets.
   at Microsoft.Data.SqlClient.SqlInternalConnectionTds.ValidateConnectionForExecute(SqlCommand command)
   at Microsoft.Data.SqlClient.SqlInternalTransaction.Rollback()
   at Microsoft.Data.SqlClient.SqlInternalTransaction.Dispose(Boolean disposing)
   at Microsoft.Data.SqlClient.SqlInternalTransaction.Dispose()
   at Microsoft.Data.SqlClient.SqlTransaction.Dispose(Boolean disposing)
   at System.Data.Common.DbTransaction.DisposeAsync()
   at Microsoft.EntityFrameworkCore.Utilities.DisposableExtensions.DisposeAsyncIfAvailable(IDisposable disposable)
   at Microsoft.EntityFrameworkCore.Storage.RelationalTransaction.DisposeAsync()
   at Microsoft.EntityFrameworkCore.Storage.RelationalConnection.DisposeAsync()
   at Microsoft.Extensions.DependencyInjection.ServiceLookup.ServiceProviderEngineScope.<>c__DisplayClass15_0.<<DisposeAsync>g__Await|0>d.MoveNext()
--- End of stack trace from previous location where exception was thrown ---
   at Microsoft.Extensions.DependencyInjection.ServiceLookup.ServiceProviderEngineScope.<>c__DisplayClass15_0.<<DisposeAsync>g__Await|0>d.MoveNext()
--- End of stack trace from previous location where exception was thrown ---
   at Microsoft.AspNetCore.Http.Features.RequestServicesFeature.<DisposeAsync>g__Awaited|9_0(RequestServicesFeature servicesFeature, ValueTask vt)
   at Microsoft.AspNetCore.Server.IIS.Core.IISHttpContext.FireOnCompleted()
INFO  03:03:14 Application started. Press Ctrl+C to shut down.
INFO  03:03:14 Hosting environment: Development
INFO  03:03:14 Content root path: C:\Users\user\source\repos\SK\MedicalShop
ERROR 03:06:17 Connection ID "18230571318976184512", Request ID "800000c2-0006-fd00-b63f-84710c7967bb": An unhandled exception was thrown by the application.
System.InvalidOperationException: The connection does not support MultipleActiveResultSets.
   at Microsoft.Data.SqlClient.SqlInternalConnectionTds.ValidateConnectionForExecute(SqlCommand command)
   at Microsoft.Data.SqlClient.SqlInternalTransaction.Rollback()
   at Microsoft.Data.SqlClient.SqlInternalTransaction.Dispose(Boolean disposing)
   at Microsoft.Data.SqlClient.SqlInternalTransaction.Dispose()
   at Microsoft.Data.SqlClient.SqlTransaction.Dispose(Boolean disposing)
   at System.Data.Common.DbTransaction.DisposeAsync()
   at Microsoft.EntityFrameworkCore.Utilities.DisposableExtensions.DisposeAsyncIfAvailable(IDisposable disposable)
   at Microsoft.EntityFrameworkCore.Storage.RelationalTransaction.DisposeAsync()
   at Microsoft.EntityFrameworkCore.Storage.RelationalConnection.DisposeAsync()
   at Microsoft.Extensions.DependencyInjection.ServiceLookup.ServiceProviderEngineScope.<>c__DisplayClass15_0.<<DisposeAsync>g__Await|0>d.MoveNext()
--- End of stack trace from previous location where exception was thrown ---
   at Microsoft.Extensions.DependencyInjection.ServiceLookup.ServiceProviderEngineScope.<>c__DisplayClass15_0.<<DisposeAsync>g__Await|0>d.MoveNext()
--- End of stack trace from previous location where exception was thrown ---
   at Microsoft.AspNetCore.Http.Features.RequestServicesFeature.<DisposeAsync>g__Awaited|9_0(RequestServicesFeature servicesFeature, ValueTask vt)
   at Microsoft.AspNetCore.Server.IIS.Core.IISHttpContext.FireOnCompleted()
ERROR 03:09:35 Connection ID "18374686485577203780", Request ID "80000046-0001-ff00-b63f-84710c7967bb": An unhandled exception was thrown by the application.
System.InvalidOperationException: The connection does not support MultipleActiveResultSets.
   at Microsoft.Data.SqlClient.SqlInternalConnectionTds.ValidateConnectionForExecute(SqlCommand command)
   at Microsoft.Data.SqlClient.SqlInternalTransaction.Rollback()
   at Microsoft.Data.SqlClient.SqlInternalTransaction.Dispose(Boolean disposing)
   at Microsoft.Data.SqlClient.SqlInternalTransaction.Dispose()
   at Microsoft.Data.SqlClient.SqlTransaction.Dispose(Boolean disposing)
   at System.Data.Common.DbTransaction.DisposeAsync()
   at Microsoft.EntityFrameworkCore.Utilities.DisposableExtensions.DisposeAsyncIfAvailable(IDisposable disposable)
   at Microsoft.EntityFrameworkCore.Storage.RelationalTransaction.DisposeAsync()
   at Microsoft.EntityFrameworkCore.Storage.RelationalConnection.DisposeAsync()
   at Microsoft.Extensions.DependencyInjection.ServiceLookup.ServiceProviderEngineScope.<>c__DisplayClass15_0.<<DisposeAsync>g__Await|0>d.MoveNext()
--- End of stack trace from previous location where exception was thrown ---
   at Microsoft.Extensions.DependencyInjection.ServiceLookup.ServiceProviderEngineScope.<>c__DisplayClass15_0.<<DisposeAsync>g__Await|0>d.MoveNext()
--- End of stack trace from previous location where exception was thrown ---
   at Microsoft.AspNetCore.Http.Features.RequestServicesFeature.<DisposeAsync>g__Awaited|9_0(RequestServicesFeature servicesFeature, ValueTask vt)
   at Microsoft.AspNetCore.Server.IIS.Core.IISHttpContext.FireOnCompleted()
INFO  03:55:00 Application started. Press Ctrl+C to shut down.
INFO  03:55:00 Hosting environment: Development
INFO  03:55:00 Content root path: C:\Users\user\source\repos\SK\MedicalShop
INFO  03:55:02 GetMedicine method invoked from MedicinesController
INFO  07:34:13 Application started. Press Ctrl+C to shut down.
INFO  07:34:13 Hosting environment: Development
INFO  07:34:13 Content root path: C:\Users\user\source\repos\SK\MedicalShop
INFO  07:34:14 GetMedicine method invoked from MedicinesController
INFO  07:36:09 GetMedicine method invoked from MedicinesController
INFO  07:36:34 Updated the details of medicine of ididfrom MedicinesController
ERROR 07:36:34 Connection ID "17870283323016741011", Request ID "80000095-0000-f800-b63f-84710c7967bb": An unhandled exception was thrown by the application.
System.InvalidOperationException: The connection does not support MultipleActiveResultSets.
   at Microsoft.Data.SqlClient.SqlInternalConnectionTds.ValidateConnectionForExecute(SqlCommand command)
   at Microsoft.Data.SqlClient.SqlInternalTransaction.Rollback()
   at Microsoft.Data.SqlClient.SqlInternalTransaction.Dispose(Boolean disposing)
   at Microsoft.Data.SqlClient.SqlInternalTransaction.Dispose()
   at Microsoft.Data.SqlClient.SqlTransaction.Dispose(Boolean disposing)
   at System.Data.Common.DbTransaction.DisposeAsync()
   at Microsoft.EntityFrameworkCore.Utilities.DisposableExtensions.DisposeAsyncIfAvailable(IDisposable disposable)
   at Microsoft.EntityFrameworkCore.Storage.RelationalTransaction.DisposeAsync()
   at Microsoft.EntityFrameworkCore.Storage.RelationalConnection.DisposeAsync()
   at Microsoft.Extensions.DependencyInjection.ServiceLookup.ServiceProviderEngineScope.<>c__DisplayClass15_0.<<DisposeAsync>g__Await|0>d.MoveNext()
--- End of stack trace from previous location where exception was thrown ---
   at Microsoft.Extensions.DependencyInjection.ServiceLookup.ServiceProviderEngineScope.<>c__DisplayClass15_0.<<DisposeAsync>g__Await|0>d.MoveNext()
--- End of stack trace from previous location where exception was thrown ---
   at Microsoft.AspNetCore.Http.Features.RequestServicesFeature.<DisposeAsync>g__Awaited|9_0(RequestServicesFeature servicesFeature, ValueTask vt)
   at Microsoft.AspNetCore.Server.IIS.Core.IISHttpContext.FireOnCompleted()
INFO  07:42:05 GetMedicine method invoked from MedicinesController
INFO  07:42:22 Updated the details of medicine of ididfrom MedicinesController
ERROR 07:42:22 Connection ID "18374686498462105774", Request ID "800000b0-0004-ff00-b63f-84710c7967bb": An unhandled exception was thrown by the application.
System.InvalidOperationException: The connection does not support MultipleActiveResultSets.
   at Microsoft.Data.SqlClient.SqlInternalConnectionTds.ValidateConnectionForExecute(SqlCommand command)
   at Microsoft.Data.SqlClient.SqlInternalTransaction.Rollback()
   at Microsoft.Data.SqlClient.SqlInternalTransaction.Dispose(Boolean disposing)
   at Microsoft.Data.SqlClient.SqlInternalTransaction.Dispose()
   at Microsoft.Data.SqlClient.SqlTransaction.Dispose(Boolean disposing)
   at System.Data.Common.DbTransaction.DisposeAsync()
   at Microsoft.EntityFrameworkCore.Utilities.DisposableExtensions.DisposeAsyncIfAvailable(IDisposable disposable)
   at Microsoft.EntityFrameworkCore.Storage.RelationalTransaction.DisposeAsync()
   at Microsoft.EntityFrameworkCore.Storage.RelationalConnection.DisposeAsync()
   at Microsoft.Extensions.DependencyInjection.ServiceLookup.ServiceProviderEngineScope.<>c__DisplayClass15_0.<<DisposeAsync>g__Await|0>d.MoveNext()
--- End of stack trace from previous location where exception was thrown ---
   at Microsoft.Extensions.DependencyInjection.ServiceLookup.ServiceProviderEngineScope.<>c__DisplayClass15_0.<<DisposeAsync>g__Await|0>d.MoveNext()
--- End of stack trace from previous location where exception was thrown ---
   at Microsoft.AspNetCore.Http.Features.RequestServicesFeature.<DisposeAsync>g__Awaited|9_0(RequestServicesFeature servicesFeature, ValueTask vt)
   at Microsoft.AspNetCore.Server.IIS.Core.IISHttpContext.FireOnCompleted()
INFO  07:47:15 GetMedicine method invoked from MedicinesController
INFO  07:47:28 Updated the details of medicine of ididfrom MedicinesController
ERROR 07:47:28 Connection ID "18302628904424177859", Request ID "800000c5-0004-fe00-b63f-84710c7967bb": An unhandled exception was thrown by the application.
System.InvalidOperationException: The connection does not support MultipleActiveResultSets.
   at Microsoft.Data.SqlClient.SqlInternalConnectionTds.ValidateConnectionForExecute(SqlCommand command)
   at Microsoft.Data.SqlClient.SqlInternalTransaction.Rollback()
   at Microsoft.Data.SqlClient.SqlInternalTransaction.Dispose(Boolean disposing)
   at Microsoft.Data.SqlClient.SqlInternalTransaction.Dispose()
   at Microsoft.Data.SqlClient.SqlTransaction.Dispose(Boolean disposing)
   at System.Data.Common.DbTransaction.DisposeAsync()
   at Microsoft.EntityFrameworkCore.Utilities.DisposableExtensions.DisposeAsyncIfAvailable(IDisposable disposable)
   at Microsoft.EntityFrameworkCore.Storage.RelationalTransaction.DisposeAsync()
   at Microsoft.EntityFrameworkCore.Storage.RelationalConnection.DisposeAsync()
   at Microsoft.Extensions.DependencyInjection.ServiceLookup.ServiceProviderEngineScope.<>c__DisplayClass15_0.<<DisposeAsync>g__Await|0>d.MoveNext()
--- End of stack trace from previous location where exception was thrown ---
   at Microsoft.Extensions.DependencyInjection.ServiceLookup.ServiceProviderEngineScope.<>c__DisplayClass15_0.<<DisposeAsync>g__Await|0>d.MoveNext()
--- End of stack trace from previous location where exception was thrown ---
   at Microsoft.AspNetCore.Http.Features.RequestServicesFeature.<DisposeAsync>g__Awaited|9_0(RequestServicesFeature servicesFeature, ValueTask vt)
   at Microsoft.AspNetCore.Server.IIS.Core.IISHttpContext.FireOnCompleted()
INFO  07:56:56 GetMedicine method invoked from MedicinesController
INFO  07:57:08 Updated the details of medicine of ididfrom MedicinesController
ERROR 07:57:08 Connection ID "18086456109425492083", Request ID "80000075-0001-fb00-b63f-84710c7967bb": An unhandled exception was thrown by the application.
System.InvalidOperationException: The connection does not support MultipleActiveResultSets.
   at Microsoft.Data.SqlClient.SqlInternalConnectionTds.ValidateConnectionForExecute(SqlCommand command)
   at Microsoft.Data.SqlClient.SqlInternalTransaction.Rollback()
   at Microsoft.Data.SqlClient.SqlInternalTransaction.Dispose(Boolean disposing)
   at Microsoft.Data.SqlClient.SqlInternalTransaction.Dispose()
   at Microsoft.Data.SqlClient.SqlTransaction.Dispose(Boolean disposing)
   at System.Data.Common.DbTransaction.DisposeAsync()
   at Microsoft.EntityFrameworkCore.Utilities.DisposableExtensions.DisposeAsyncIfAvailable(IDisposable disposable)
   at Microsoft.EntityFrameworkCore.Storage.RelationalTransaction.DisposeAsync()
   at Microsoft.EntityFrameworkCore.Storage.RelationalConnection.DisposeAsync()
   at Microsoft.Extensions.DependencyInjection.ServiceLookup.ServiceProviderEngineScope.<>c__DisplayClass15_0.<<DisposeAsync>g__Await|0>d.MoveNext()
--- End of stack trace from previous location where exception was thrown ---
   at Microsoft.Extensions.DependencyInjection.ServiceLookup.ServiceProviderEngineScope.<>c__DisplayClass15_0.<<DisposeAsync>g__Await|0>d.MoveNext()
--- End of stack trace from previous location where exception was thrown ---
   at Microsoft.AspNetCore.Http.Features.RequestServicesFeature.<DisposeAsync>g__Awaited|9_0(RequestServicesFeature servicesFeature, ValueTask vt)
   at Microsoft.AspNetCore.Server.IIS.Core.IISHttpContext.FireOnCompleted()
INFO  08:00:23 GetMedicine method invoked from MedicinesController
INFO  08:00:32 Updated the details of medicine of ididfrom MedicinesController
ERROR 08:00:33 Connection ID "18302628904424177868", Request ID "800000ce-0004-fe00-b63f-84710c7967bb": An unhandled exception was thrown by the application.
System.InvalidOperationException: The connection does not support MultipleActiveResultSets.
   at Microsoft.Data.SqlClient.SqlInternalConnectionTds.ValidateConnectionForExecute(SqlCommand command)
   at Microsoft.Data.SqlClient.SqlInternalTransaction.Rollback()
   at Microsoft.Data.SqlClient.SqlInternalTransaction.Dispose(Boolean disposing)
   at Microsoft.Data.SqlClient.SqlInternalTransaction.Dispose()
   at Microsoft.Data.SqlClient.SqlTransaction.Dispose(Boolean disposing)
   at System.Data.Common.DbTransaction.DisposeAsync()
   at Microsoft.EntityFrameworkCore.Utilities.DisposableExtensions.DisposeAsyncIfAvailable(IDisposable disposable)
   at Microsoft.EntityFrameworkCore.Storage.RelationalTransaction.DisposeAsync()
   at Microsoft.EntityFrameworkCore.Storage.RelationalConnection.DisposeAsync()
   at Microsoft.Extensions.DependencyInjection.ServiceLookup.ServiceProviderEngineScope.<>c__DisplayClass15_0.<<DisposeAsync>g__Await|0>d.MoveNext()
--- End of stack trace from previous location where exception was thrown ---
   at Microsoft.Extensions.DependencyInjection.ServiceLookup.ServiceProviderEngineScope.<>c__DisplayClass15_0.<<DisposeAsync>g__Await|0>d.MoveNext()
--- End of stack trace from previous location where exception was thrown ---
   at Microsoft.AspNetCore.Http.Features.RequestServicesFeature.<DisposeAsync>g__Awaited|9_0(RequestServicesFeature servicesFeature, ValueTask vt)
   at Microsoft.AspNetCore.Server.IIS.Core.IISHttpContext.FireOnCompleted()
INFO  08:07:10 GetMedicine method invoked from MedicinesController
INFO  08:07:22 Updated the details of medicine of ididfrom MedicinesController
ERROR 08:07:22 Connection ID "18158513712053354670", Request ID "800000b0-0003-fc00-b63f-84710c7967bb": An unhandled exception was thrown by the application.
System.InvalidOperationException: The connection does not support MultipleActiveResultSets.
   at Microsoft.Data.SqlClient.SqlInternalConnectionTds.ValidateConnectionForExecute(SqlCommand command)
   at Microsoft.Data.SqlClient.SqlInternalTransaction.Rollback()
   at Microsoft.Data.SqlClient.SqlInternalTransaction.Dispose(Boolean disposing)
   at Microsoft.Data.SqlClient.SqlInternalTransaction.Dispose()
   at Microsoft.Data.SqlClient.SqlTransaction.Dispose(Boolean disposing)
   at System.Data.Common.DbTransaction.DisposeAsync()
   at Microsoft.EntityFrameworkCore.Utilities.DisposableExtensions.DisposeAsyncIfAvailable(IDisposable disposable)
   at Microsoft.EntityFrameworkCore.Storage.RelationalTransaction.DisposeAsync()
   at Microsoft.EntityFrameworkCore.Storage.RelationalConnection.DisposeAsync()
   at Microsoft.Extensions.DependencyInjection.ServiceLookup.ServiceProviderEngineScope.<>c__DisplayClass15_0.<<DisposeAsync>g__Await|0>d.MoveNext()
--- End of stack trace from previous location where exception was thrown ---
   at Microsoft.Extensions.DependencyInjection.ServiceLookup.ServiceProviderEngineScope.<>c__DisplayClass15_0.<<DisposeAsync>g__Await|0>d.MoveNext()
--- End of stack trace from previous location where exception was thrown ---
   at Microsoft.AspNetCore.Http.Features.RequestServicesFeature.<DisposeAsync>g__Awaited|9_0(RequestServicesFeature servicesFeature, ValueTask vt)
   at Microsoft.AspNetCore.Server.IIS.Core.IISHttpContext.FireOnCompleted()
INFO  08:08:38 GetMedicine method invoked from MedicinesController
INFO  08:08:56 GetMedicine method invoked from MedicinesController
INFO  08:09:06 Updated the details of medicine of ididfrom MedicinesController
ERROR 08:09:06 Connection ID "18158513712053354677", Request ID "800000b7-0003-fc00-b63f-84710c7967bb": An unhandled exception was thrown by the application.
System.InvalidOperationException: The connection does not support MultipleActiveResultSets.
   at Microsoft.Data.SqlClient.SqlInternalConnectionTds.ValidateConnectionForExecute(SqlCommand command)
   at Microsoft.Data.SqlClient.SqlInternalTransaction.Rollback()
   at Microsoft.Data.SqlClient.SqlInternalTransaction.Dispose(Boolean disposing)
   at Microsoft.Data.SqlClient.SqlInternalTransaction.Dispose()
   at Microsoft.Data.SqlClient.SqlTransaction.Dispose(Boolean disposing)
   at System.Data.Common.DbTransaction.DisposeAsync()
   at Microsoft.EntityFrameworkCore.Utilities.DisposableExtensions.DisposeAsyncIfAvailable(IDisposable disposable)
   at Microsoft.EntityFrameworkCore.Storage.RelationalTransaction.DisposeAsync()
   at Microsoft.EntityFrameworkCore.Storage.RelationalConnection.DisposeAsync()
   at Microsoft.Extensions.DependencyInjection.ServiceLookup.ServiceProviderEngineScope.<>c__DisplayClass15_0.<<DisposeAsync>g__Await|0>d.MoveNext()
--- End of stack trace from previous location where exception was thrown ---
   at Microsoft.Extensions.DependencyInjection.ServiceLookup.ServiceProviderEngineScope.<>c__DisplayClass15_0.<<DisposeAsync>g__Await|0>d.MoveNext()
--- End of stack trace from previous location where exception was thrown ---
   at Microsoft.AspNetCore.Http.Features.RequestServicesFeature.<DisposeAsync>g__Awaited|9_0(RequestServicesFeature servicesFeature, ValueTask vt)
   at Microsoft.AspNetCore.Server.IIS.Core.IISHttpContext.FireOnCompleted()
INFO  08:12:43 GetMedicine method invoked from MedicinesController
INFO  08:12:52 Updated the details of medicine of ididfrom MedicinesController
ERROR 08:12:52 Connection ID "18302628904424177872", Request ID "800000d2-0004-fe00-b63f-84710c7967bb": An unhandled exception was thrown by the application.
System.InvalidOperationException: The connection does not support MultipleActiveResultSets.
   at Microsoft.Data.SqlClient.SqlInternalConnectionTds.ValidateConnectionForExecute(SqlCommand command)
   at Microsoft.Data.SqlClient.SqlInternalTransaction.Rollback()
   at Microsoft.Data.SqlClient.SqlInternalTransaction.Dispose(Boolean disposing)
   at Microsoft.Data.SqlClient.SqlInternalTransaction.Dispose()
   at Microsoft.Data.SqlClient.SqlTransaction.Dispose(Boolean disposing)
   at System.Data.Common.DbTransaction.DisposeAsync()
   at Microsoft.EntityFrameworkCore.Utilities.DisposableExtensions.DisposeAsyncIfAvailable(IDisposable disposable)
   at Microsoft.EntityFrameworkCore.Storage.RelationalTransaction.DisposeAsync()
   at Microsoft.EntityFrameworkCore.Storage.RelationalConnection.DisposeAsync()
   at Microsoft.Extensions.DependencyInjection.ServiceLookup.ServiceProviderEngineScope.<>c__DisplayClass15_0.<<DisposeAsync>g__Await|0>d.MoveNext()
--- End of stack trace from previous location where exception was thrown ---
   at Microsoft.Extensions.DependencyInjection.ServiceLookup.ServiceProviderEngineScope.<>c__DisplayClass15_0.<<DisposeAsync>g__Await|0>d.MoveNext()
--- End of stack trace from previous location where exception was thrown ---
   at Microsoft.AspNetCore.Http.Features.RequestServicesFeature.<DisposeAsync>g__Awaited|9_0(RequestServicesFeature servicesFeature, ValueTask vt)
   at Microsoft.AspNetCore.Server.IIS.Core.IISHttpContext.FireOnCompleted()
INFO  08:13:35 GetMedicine method invoked from MedicinesController
INFO  08:13:44 Updated the details of medicine of ididfrom MedicinesController
ERROR 08:13:44 Connection ID "18302628908719145111", Request ID "80000099-0005-fe00-b63f-84710c7967bb": An unhandled exception was thrown by the application.
System.InvalidOperationException: The connection does not support MultipleActiveResultSets.
   at Microsoft.Data.SqlClient.SqlInternalConnectionTds.ValidateConnectionForExecute(SqlCommand command)
   at Microsoft.Data.SqlClient.SqlInternalTransaction.Rollback()
   at Microsoft.Data.SqlClient.SqlInternalTransaction.Dispose(Boolean disposing)
   at Microsoft.Data.SqlClient.SqlInternalTransaction.Dispose()
   at Microsoft.Data.SqlClient.SqlTransaction.Dispose(Boolean disposing)
   at System.Data.Common.DbTransaction.DisposeAsync()
   at Microsoft.EntityFrameworkCore.Utilities.DisposableExtensions.DisposeAsyncIfAvailable(IDisposable disposable)
   at Microsoft.EntityFrameworkCore.Storage.RelationalTransaction.DisposeAsync()
   at Microsoft.EntityFrameworkCore.Storage.RelationalConnection.DisposeAsync()
   at Microsoft.Extensions.DependencyInjection.ServiceLookup.ServiceProviderEngineScope.<>c__DisplayClass15_0.<<DisposeAsync>g__Await|0>d.MoveNext()
--- End of stack trace from previous location where exception was thrown ---
   at Microsoft.Extensions.DependencyInjection.ServiceLookup.ServiceProviderEngineScope.<>c__DisplayClass15_0.<<DisposeAsync>g__Await|0>d.MoveNext()
--- End of stack trace from previous location where exception was thrown ---
   at Microsoft.AspNetCore.Http.Features.RequestServicesFeature.<DisposeAsync>g__Awaited|9_0(RequestServicesFeature servicesFeature, ValueTask vt)
   at Microsoft.AspNetCore.Server.IIS.Core.IISHttpContext.FireOnCompleted()
INFO  08:16:09 GetMedicine method invoked from MedicinesController
INFO  08:16:19 Updated the details of medicine of ididfrom MedicinesController
ERROR 08:16:19 Connection ID "18086456105130524795", Request ID "8000007d-0000-fb00-b63f-84710c7967bb": An unhandled exception was thrown by the application.
System.InvalidOperationException: The connection does not support MultipleActiveResultSets.
   at Microsoft.Data.SqlClient.SqlInternalConnectionTds.ValidateConnectionForExecute(SqlCommand command)
   at Microsoft.Data.SqlClient.SqlInternalTransaction.Rollback()
   at Microsoft.Data.SqlClient.SqlInternalTransaction.Dispose(Boolean disposing)
   at Microsoft.Data.SqlClient.SqlInternalTransaction.Dispose()
   at Microsoft.Data.SqlClient.SqlTransaction.Dispose(Boolean disposing)
   at System.Data.Common.DbTransaction.DisposeAsync()
   at Microsoft.EntityFrameworkCore.Utilities.DisposableExtensions.DisposeAsyncIfAvailable(IDisposable disposable)
   at Microsoft.EntityFrameworkCore.Storage.RelationalTransaction.DisposeAsync()
   at Microsoft.EntityFrameworkCore.Storage.RelationalConnection.DisposeAsync()
   at Microsoft.Extensions.DependencyInjection.ServiceLookup.ServiceProviderEngineScope.<>c__DisplayClass15_0.<<DisposeAsync>g__Await|0>d.MoveNext()
--- End of stack trace from previous location where exception was thrown ---
   at Microsoft.Extensions.DependencyInjection.ServiceLookup.ServiceProviderEngineScope.<>c__DisplayClass15_0.<<DisposeAsync>g__Await|0>d.MoveNext()
--- End of stack trace from previous location where exception was thrown ---
   at Microsoft.AspNetCore.Http.Features.RequestServicesFeature.<DisposeAsync>g__Awaited|9_0(RequestServicesFeature servicesFeature, ValueTask vt)
   at Microsoft.AspNetCore.Server.IIS.Core.IISHttpContext.FireOnCompleted()
INFO  08:20:05 GetMedicine method invoked from MedicinesController
INFO  08:20:14 Updated the details of medicine of ididfrom MedicinesController
ERROR 08:20:14 Connection ID "18302628913014112528", Request ID "80000112-0006-fe00-b63f-84710c7967bb": An unhandled exception was thrown by the application.
System.InvalidOperationException: The connection does not support MultipleActiveResultSets.
   at Microsoft.Data.SqlClient.SqlInternalConnectionTds.ValidateConnectionForExecute(SqlCommand command)
   at Microsoft.Data.SqlClient.SqlInternalTransaction.Rollback()
   at Microsoft.Data.SqlClient.SqlInternalTransaction.Dispose(Boolean disposing)
   at Microsoft.Data.SqlClient.SqlInternalTransaction.Dispose()
   at Microsoft.Data.SqlClient.SqlTransaction.Dispose(Boolean disposing)
   at System.Data.Common.DbTransaction.DisposeAsync()
   at Microsoft.EntityFrameworkCore.Utilities.DisposableExtensions.DisposeAsyncIfAvailable(IDisposable disposable)
   at Microsoft.EntityFrameworkCore.Storage.RelationalTransaction.DisposeAsync()
   at Microsoft.EntityFrameworkCore.Storage.RelationalConnection.DisposeAsync()
   at Microsoft.Extensions.DependencyInjection.ServiceLookup.ServiceProviderEngineScope.<>c__DisplayClass15_0.<<DisposeAsync>g__Await|0>d.MoveNext()
--- End of stack trace from previous location where exception was thrown ---
   at Microsoft.Extensions.DependencyInjection.ServiceLookup.ServiceProviderEngineScope.<>c__DisplayClass15_0.<<DisposeAsync>g__Await|0>d.MoveNext()
--- End of stack trace from previous location where exception was thrown ---
   at Microsoft.AspNetCore.Http.Features.RequestServicesFeature.<DisposeAsync>g__Awaited|9_0(RequestServicesFeature servicesFeature, ValueTask vt)
   at Microsoft.AspNetCore.Server.IIS.Core.IISHttpContext.FireOnCompleted()
INFO  08:23:19 GetMedicine method invoked from MedicinesController
INFO  08:23:30 Updated the details of medicine of ididfrom MedicinesController
ERROR 08:23:30 Connection ID "18158513703463419982", Request ID "80000050-0001-fc00-b63f-84710c7967bb": An unhandled exception was thrown by the application.
System.InvalidOperationException: The connection does not support MultipleActiveResultSets.
   at Microsoft.Data.SqlClient.SqlInternalConnectionTds.ValidateConnectionForExecute(SqlCommand command)
   at Microsoft.Data.SqlClient.SqlInternalTransaction.Rollback()
   at Microsoft.Data.SqlClient.SqlInternalTransaction.Dispose(Boolean disposing)
   at Microsoft.Data.SqlClient.SqlInternalTransaction.Dispose()
   at Microsoft.Data.SqlClient.SqlTransaction.Dispose(Boolean disposing)
   at System.Data.Common.DbTransaction.DisposeAsync()
   at Microsoft.EntityFrameworkCore.Utilities.DisposableExtensions.DisposeAsyncIfAvailable(IDisposable disposable)
   at Microsoft.EntityFrameworkCore.Storage.RelationalTransaction.DisposeAsync()
   at Microsoft.EntityFrameworkCore.Storage.RelationalConnection.DisposeAsync()
   at Microsoft.Extensions.DependencyInjection.ServiceLookup.ServiceProviderEngineScope.<>c__DisplayClass15_0.<<DisposeAsync>g__Await|0>d.MoveNext()
--- End of stack trace from previous location where exception was thrown ---
   at Microsoft.Extensions.DependencyInjection.ServiceLookup.ServiceProviderEngineScope.<>c__DisplayClass15_0.<<DisposeAsync>g__Await|0>d.MoveNext()
--- End of stack trace from previous location where exception was thrown ---
   at Microsoft.AspNetCore.Http.Features.RequestServicesFeature.<DisposeAsync>g__Awaited|9_0(RequestServicesFeature servicesFeature, ValueTask vt)
   at Microsoft.AspNetCore.Server.IIS.Core.IISHttpContext.FireOnCompleted()
INFO  08:24:19 GetMedicine method invoked from MedicinesController
INFO  08:24:27 Updated the details of medicine of ididfrom MedicinesController
ERROR 08:24:27 Connection ID "18374686498462105804", Request ID "800000ce-0004-ff00-b63f-84710c7967bb": An unhandled exception was thrown by the application.
System.InvalidOperationException: The connection does not support MultipleActiveResultSets.
   at Microsoft.Data.SqlClient.SqlInternalConnectionTds.ValidateConnectionForExecute(SqlCommand command)
   at Microsoft.Data.SqlClient.SqlInternalTransaction.Rollback()
   at Microsoft.Data.SqlClient.SqlInternalTransaction.Dispose(Boolean disposing)
   at Microsoft.Data.SqlClient.SqlInternalTransaction.Dispose()
   at Microsoft.Data.SqlClient.SqlTransaction.Dispose(Boolean disposing)
   at System.Data.Common.DbTransaction.DisposeAsync()
   at Microsoft.EntityFrameworkCore.Utilities.DisposableExtensions.DisposeAsyncIfAvailable(IDisposable disposable)
   at Microsoft.EntityFrameworkCore.Storage.RelationalTransaction.DisposeAsync()
   at Microsoft.EntityFrameworkCore.Storage.RelationalConnection.DisposeAsync()
   at Microsoft.Extensions.DependencyInjection.ServiceLookup.ServiceProviderEngineScope.<>c__DisplayClass15_0.<<DisposeAsync>g__Await|0>d.MoveNext()
--- End of stack trace from previous location where exception was thrown ---
   at Microsoft.Extensions.DependencyInjection.ServiceLookup.ServiceProviderEngineScope.<>c__DisplayClass15_0.<<DisposeAsync>g__Await|0>d.MoveNext()
--- End of stack trace from previous location where exception was thrown ---
   at Microsoft.AspNetCore.Http.Features.RequestServicesFeature.<DisposeAsync>g__Awaited|9_0(RequestServicesFeature servicesFeature, ValueTask vt)
   at Microsoft.AspNetCore.Server.IIS.Core.IISHttpContext.FireOnCompleted()
INFO  08:26:00 GetMedicine method invoked from MedicinesController
INFO  08:26:28 Updated the details of medicine of ididfrom MedicinesController
ERROR 08:26:28 Connection ID "18158513712053354691", Request ID "800000c5-0003-fc00-b63f-84710c7967bb": An unhandled exception was thrown by the application.
System.InvalidOperationException: The connection does not support MultipleActiveResultSets.
   at Microsoft.Data.SqlClient.SqlInternalConnectionTds.ValidateConnectionForExecute(SqlCommand command)
   at Microsoft.Data.SqlClient.SqlInternalTransaction.Rollback()
   at Microsoft.Data.SqlClient.SqlInternalTransaction.Dispose(Boolean disposing)
   at Microsoft.Data.SqlClient.SqlInternalTransaction.Dispose()
   at Microsoft.Data.SqlClient.SqlTransaction.Dispose(Boolean disposing)
   at System.Data.Common.DbTransaction.DisposeAsync()
   at Microsoft.EntityFrameworkCore.Utilities.DisposableExtensions.DisposeAsyncIfAvailable(IDisposable disposable)
   at Microsoft.EntityFrameworkCore.Storage.RelationalTransaction.DisposeAsync()
   at Microsoft.EntityFrameworkCore.Storage.RelationalConnection.DisposeAsync()
   at Microsoft.Extensions.DependencyInjection.ServiceLookup.ServiceProviderEngineScope.<>c__DisplayClass15_0.<<DisposeAsync>g__Await|0>d.MoveNext()
--- End of stack trace from previous location where exception was thrown ---
   at Microsoft.Extensions.DependencyInjection.ServiceLookup.ServiceProviderEngineScope.<>c__DisplayClass15_0.<<DisposeAsync>g__Await|0>d.MoveNext()
--- End of stack trace from previous location where exception was thrown ---
   at Microsoft.AspNetCore.Http.Features.RequestServicesFeature.<DisposeAsync>g__Awaited|9_0(RequestServicesFeature servicesFeature, ValueTask vt)
   at Microsoft.AspNetCore.Server.IIS.Core.IISHttpContext.FireOnCompleted()
INFO  08:29:11 GetMedicine method invoked from MedicinesController
INFO  08:29:28 Updated the details of medicine of ididfrom MedicinesController
ERROR 08:29:28 Connection ID "18158513712053354696", Request ID "800000ca-0003-fc00-b63f-84710c7967bb": An unhandled exception was thrown by the application.
System.InvalidOperationException: The connection does not support MultipleActiveResultSets.
   at Microsoft.Data.SqlClient.SqlInternalConnectionTds.ValidateConnectionForExecute(SqlCommand command)
   at Microsoft.Data.SqlClient.SqlInternalTransaction.Rollback()
   at Microsoft.Data.SqlClient.SqlInternalTransaction.Dispose(Boolean disposing)
   at Microsoft.Data.SqlClient.SqlInternalTransaction.Dispose()
   at Microsoft.Data.SqlClient.SqlTransaction.Dispose(Boolean disposing)
   at System.Data.Common.DbTransaction.DisposeAsync()
   at Microsoft.EntityFrameworkCore.Utilities.DisposableExtensions.DisposeAsyncIfAvailable(IDisposable disposable)
   at Microsoft.EntityFrameworkCore.Storage.RelationalTransaction.DisposeAsync()
   at Microsoft.EntityFrameworkCore.Storage.RelationalConnection.DisposeAsync()
   at Microsoft.Extensions.DependencyInjection.ServiceLookup.ServiceProviderEngineScope.<>c__DisplayClass15_0.<<DisposeAsync>g__Await|0>d.MoveNext()
--- End of stack trace from previous location where exception was thrown ---
   at Microsoft.Extensions.DependencyInjection.ServiceLookup.ServiceProviderEngineScope.<>c__DisplayClass15_0.<<DisposeAsync>g__Await|0>d.MoveNext()
--- End of stack trace from previous location where exception was thrown ---
   at Microsoft.AspNetCore.Http.Features.RequestServicesFeature.<DisposeAsync>g__Awaited|9_0(RequestServicesFeature servicesFeature, ValueTask vt)
   at Microsoft.AspNetCore.Server.IIS.Core.IISHttpContext.FireOnCompleted()
INFO  08:48:48 GetMedicine method invoked from MedicinesController
INFO  08:49:01 Updated the details of medicine of ididfrom MedicinesController
ERROR 08:49:01 Connection ID "18230571318976184554", Request ID "800000ec-0006-fd00-b63f-84710c7967bb": An unhandled exception was thrown by the application.
System.InvalidOperationException: The connection does not support MultipleActiveResultSets.
   at Microsoft.Data.SqlClient.SqlInternalConnectionTds.ValidateConnectionForExecute(SqlCommand command)
   at Microsoft.Data.SqlClient.SqlInternalTransaction.Rollback()
   at Microsoft.Data.SqlClient.SqlInternalTransaction.Dispose(Boolean disposing)
   at Microsoft.Data.SqlClient.SqlInternalTransaction.Dispose()
   at Microsoft.Data.SqlClient.SqlTransaction.Dispose(Boolean disposing)
   at System.Data.Common.DbTransaction.DisposeAsync()
   at Microsoft.EntityFrameworkCore.Utilities.DisposableExtensions.DisposeAsyncIfAvailable(IDisposable disposable)
   at Microsoft.EntityFrameworkCore.Storage.RelationalTransaction.DisposeAsync()
   at Microsoft.EntityFrameworkCore.Storage.RelationalConnection.DisposeAsync()
   at Microsoft.Extensions.DependencyInjection.ServiceLookup.ServiceProviderEngineScope.<>c__DisplayClass15_0.<<DisposeAsync>g__Await|0>d.MoveNext()
--- End of stack trace from previous location where exception was thrown ---
   at Microsoft.Extensions.DependencyInjection.ServiceLookup.ServiceProviderEngineScope.<>c__DisplayClass15_0.<<DisposeAsync>g__Await|0>d.MoveNext()
--- End of stack trace from previous location where exception was thrown ---
   at Microsoft.AspNetCore.Http.Features.RequestServicesFeature.<DisposeAsync>g__Awaited|9_0(RequestServicesFeature servicesFeature, ValueTask vt)
   at Microsoft.AspNetCore.Server.IIS.Core.IISHttpContext.FireOnCompleted()
INFO  08:49:59 GetMedicine method invoked from MedicinesController
INFO  08:50:11 Updated the details of medicine of ididfrom MedicinesController
ERROR 08:50:11 Connection ID "18302628908719145128", Request ID "800000aa-0005-fe00-b63f-84710c7967bb": An unhandled exception was thrown by the application.
System.InvalidOperationException: The connection does not support MultipleActiveResultSets.
   at Microsoft.Data.SqlClient.SqlInternalConnectionTds.ValidateConnectionForExecute(SqlCommand command)
   at Microsoft.Data.SqlClient.SqlInternalTransaction.Rollback()
   at Microsoft.Data.SqlClient.SqlInternalTransaction.Dispose(Boolean disposing)
   at Microsoft.Data.SqlClient.SqlInternalTransaction.Dispose()
   at Microsoft.Data.SqlClient.SqlTransaction.Dispose(Boolean disposing)
   at System.Data.Common.DbTransaction.DisposeAsync()
   at Microsoft.EntityFrameworkCore.Utilities.DisposableExtensions.DisposeAsyncIfAvailable(IDisposable disposable)
   at Microsoft.EntityFrameworkCore.Storage.RelationalTransaction.DisposeAsync()
   at Microsoft.EntityFrameworkCore.Storage.RelationalConnection.DisposeAsync()
   at Microsoft.Extensions.DependencyInjection.ServiceLookup.ServiceProviderEngineScope.<>c__DisplayClass15_0.<<DisposeAsync>g__Await|0>d.MoveNext()
--- End of stack trace from previous location where exception was thrown ---
   at Microsoft.Extensions.DependencyInjection.ServiceLookup.ServiceProviderEngineScope.<>c__DisplayClass15_0.<<DisposeAsync>g__Await|0>d.MoveNext()
--- End of stack trace from previous location where exception was thrown ---
   at Microsoft.AspNetCore.Http.Features.RequestServicesFeature.<DisposeAsync>g__Awaited|9_0(RequestServicesFeature servicesFeature, ValueTask vt)
   at Microsoft.AspNetCore.Server.IIS.Core.IISHttpContext.FireOnCompleted()
INFO  08:52:48 GetMedicine method invoked from MedicinesController
INFO  08:58:28 GetMedicine method invoked from MedicinesController
INFO  08:58:40 Updated the details of medicine of ididfrom MedicinesController
ERROR 08:58:40 Connection ID "17870283323016741029", Request ID "800000a7-0000-f800-b63f-84710c7967bb": An unhandled exception was thrown by the application.
System.InvalidOperationException: The connection does not support MultipleActiveResultSets.
   at Microsoft.Data.SqlClient.SqlInternalConnectionTds.ValidateConnectionForExecute(SqlCommand command)
   at Microsoft.Data.SqlClient.SqlInternalTransaction.Rollback()
   at Microsoft.Data.SqlClient.SqlInternalTransaction.Dispose(Boolean disposing)
   at Microsoft.Data.SqlClient.SqlInternalTransaction.Dispose()
   at Microsoft.Data.SqlClient.SqlTransaction.Dispose(Boolean disposing)
   at System.Data.Common.DbTransaction.DisposeAsync()
   at Microsoft.EntityFrameworkCore.Utilities.DisposableExtensions.DisposeAsyncIfAvailable(IDisposable disposable)
   at Microsoft.EntityFrameworkCore.Storage.RelationalTransaction.DisposeAsync()
   at Microsoft.EntityFrameworkCore.Storage.RelationalConnection.DisposeAsync()
   at Microsoft.Extensions.DependencyInjection.ServiceLookup.ServiceProviderEngineScope.<>c__DisplayClass15_0.<<DisposeAsync>g__Await|0>d.MoveNext()
--- End of stack trace from previous location where exception was thrown ---
   at Microsoft.Extensions.DependencyInjection.ServiceLookup.ServiceProviderEngineScope.<>c__DisplayClass15_0.<<DisposeAsync>g__Await|0>d.MoveNext()
--- End of stack trace from previous location where exception was thrown ---
   at Microsoft.AspNetCore.Http.Features.RequestServicesFeature.<DisposeAsync>g__Awaited|9_0(RequestServicesFeature servicesFeature, ValueTask vt)
   at Microsoft.AspNetCore.Server.IIS.Core.IISHttpContext.FireOnCompleted()
